<?xml version="1.0" encoding="UTF-8"?>
<!-- Generated by org.testng.reporters.JUnitXMLReporter -->
<testsuite hostname="ULTP-478" name="Default test" tests="11" failures="0" timestamp="16 Jul 2018 12:31:41 GMT" time="305.612" errors="0">
  <testcase name="pageTitleTest" time="0.021" classname="RezoomexApplicantTrackingSystem.com.rats.ExtentReport"/>
  <testcase name="automatedjob" time="17.39" classname="RezoomexApplicantTrackingSystem.com.rats.ExtentReport"/>
  <testcase name="manualjob" time="22.202" classname="RezoomexApplicantTrackingSystem.com.rats.ExtentReport"/>
  <testcase name="ProcessJob" time="33.9" classname="RezoomexApplicantTrackingSystem.com.rats.ExtentReport"/>
  <testcase name="openjobannotatedtab" time="21.365" classname="RezoomexApplicantTrackingSystem.com.rats.ExtentReport"/>
  <testcase name="openjobtobeannotatedtab" time="48.923" classname="RezoomexApplicantTrackingSystem.com.rats.ExtentReport"/>
  <testcase name="trackjob" time="12.217" classname="RezoomexApplicantTrackingSystem.com.rats.ExtentReport"/>
  <testcase name="downloadtracker" time="12.219" classname="RezoomexApplicantTrackingSystem.com.rats.ExtentReport"/>
  <testcase name="deletejob" time="14.352" classname="RezoomexApplicantTrackingSystem.com.rats.ExtentReport"/>
  <testcase name="refreshjob" time="5.093" classname="RezoomexApplicantTrackingSystem.com.rats.ExtentReport"/>
  <testcase name="logoutTest" time="3.019" classname="RezoomexApplicantTrackingSystem.com.rats.ExtentReport"/>
</testsuite> <!-- Default test -->
